Sysytem Monitoring Report
Date: Wed Jan 14 01:07:29 UTC 2026

Disk usage of /home
Filesystem                         Size  Used Avail Use% Mounted on
/dev/mapper/ubuntu--vg-ubuntu--lv   30G  6.0G   23G  22% /

Top 5 processes consuming memory
USER         PID %CPU %MEM    VSZ   RSS TTY      STAT START   TIME COMMAND
root         918  0.2  0.9 1848564 37472 ?       Ssl  00:52   0:02 /snap/snapd/current/usr/lib/snapd/snapd
root         584  0.0  0.6 290004 25944 ?        SLsl 00:52   0:00 /sbin/multipathd -d -s
root         547  0.0  0.5  81108 22644 ?        S<s  00:52   0:00 /lib/systemd/systemd-journald
root         912  0.0  0.4  32580 17920 ?        Ss   00:52   0:00 /usr/bin/python3 /usr/bin/networkd-dispatcher --run-startup-triggers
systemd+     892  0.0  0.3  26100 12084 ?        Ss   00:52   0:00 /lib/systemd/systemd-resolved

Logging complete
System monitoring completed at Wed Jan 14 01:07:29 UTC 2026
Sysytem Monitoring Report
Date: Wed Jan 14 01:15:01 AM UTC 2026

Disk usage of /home
Filesystem                         Size  Used Avail Use% Mounted on
/dev/mapper/ubuntu--vg-ubuntu--lv   30G  6.0G   23G  22% /

Top 5 processes consuming memory
USER         PID %CPU %MEM    VSZ   RSS TTY      STAT START   TIME COMMAND
root         918  0.1  0.9 1848564 37472 ?       Ssl  00:52   0:02 /snap/snapd/current/usr/lib/snapd/snapd
root         584  0.0  0.6 290004 25944 ?        SLsl 00:52   0:00 /sbin/multipathd -d -s
root         547  0.0  0.5  81108 22656 ?        S<s  00:52   0:00 /lib/systemd/systemd-journald
root         912  0.0  0.4  32580 17920 ?        Ss   00:52   0:00 /usr/bin/python3 /usr/bin/networkd-dispatcher --run-startup-triggers
systemd+     892  0.0  0.3  26100 12084 ?        Ss   00:52   0:00 /lib/systemd/systemd-resolved

Logging complete
System monitoring completed at Wed Jan 14 01:15:01 AM UTC 2026
Sysytem Monitoring Report
Date: Wed Jan 14 01:20:02 AM UTC 2026

Disk usage of /home
Filesystem                         Size  Used Avail Use% Mounted on
/dev/mapper/ubuntu--vg-ubuntu--lv   30G  6.0G   23G  22% /

Top 5 processes consuming memory
USER         PID %CPU %MEM    VSZ   RSS TTY      STAT START   TIME COMMAND
root         918  0.1  0.9 1848564 37472 ?       Ssl  00:52   0:02 /snap/snapd/current/usr/lib/snapd/snapd
root         584  0.0  0.6 290004 25944 ?        SLsl 00:52   0:00 /sbin/multipathd -d -s
root         547  0.0  0.5  81108 22676 ?        S<s  00:52   0:00 /lib/systemd/systemd-journald
root         912  0.0  0.4  32580 17920 ?        Ss   00:52   0:00 /usr/bin/python3 /usr/bin/networkd-dispatcher --run-startup-triggers
systemd+     892  0.0  0.3  26100 12084 ?        Ss   00:52   0:00 /lib/systemd/systemd-resolved

Logging complete
System monitoring completed at Wed Jan 14 01:20:02 AM UTC 2026
Sysytem Monitoring Report
Date: Wed Jan 14 01:25:01 AM UTC 2026

Disk usage of /home
Filesystem                         Size  Used Avail Use% Mounted on
/dev/mapper/ubuntu--vg-ubuntu--lv   30G  6.0G   23G  22% /

Top 5 processes consuming memory
USER         PID %CPU %MEM    VSZ   RSS TTY      STAT START   TIME COMMAND
root         918  0.1  0.9 1848564 37472 ?       Ssl  00:52   0:02 /snap/snapd/current/usr/lib/snapd/snapd
root         584  0.0  0.6 290004 25944 ?        SLsl 00:52   0:00 /sbin/multipathd -d -s
root         547  0.0  0.5  81108 22676 ?        S<s  00:52   0:00 /lib/systemd/systemd-journald
root         912  0.0  0.4  32580 17920 ?        Ss   00:52   0:00 /usr/bin/python3 /usr/bin/networkd-dispatcher --run-startup-triggers
systemd+     892  0.0  0.3  26100 12084 ?        Ss   00:52   0:00 /lib/systemd/systemd-resolved

Logging complete
System monitoring completed at Wed Jan 14 01:25:01 AM UTC 2026
Sysytem Monitoring Report
Date: Wed Jan 14 01:30:01 AM UTC 2026

Disk usage of /home
Filesystem                         Size  Used Avail Use% Mounted on
/dev/mapper/ubuntu--vg-ubuntu--lv   30G  6.0G   23G  22% /

Top 5 processes consuming memory
USER         PID %CPU %MEM    VSZ   RSS TTY      STAT START   TIME COMMAND
root         918  0.1  0.9 1848564 37472 ?       Ssl  00:52   0:02 /snap/snapd/current/usr/lib/snapd/snapd
root         584  0.0  0.6 290004 25944 ?        SLsl 00:52   0:00 /sbin/multipathd -d -s
root         547  0.0  0.5  81108 22680 ?        S<s  00:52   0:00 /lib/systemd/systemd-journald
root         912  0.0  0.4  32580 17920 ?        Ss   00:52   0:00 /usr/bin/python3 /usr/bin/networkd-dispatcher --run-startup-triggers
systemd+     892  0.0  0.3  26100 12084 ?        Ss   00:52   0:00 /lib/systemd/systemd-resolved

Logging complete
System monitoring completed at Wed Jan 14 01:30:01 AM UTC 2026
Sysytem Monitoring Report
Date: Wed Jan 14 01:35:01 AM UTC 2026

Disk usage of /home
Filesystem                         Size  Used Avail Use% Mounted on
/dev/mapper/ubuntu--vg-ubuntu--lv   30G  6.0G   23G  22% /

Top 5 processes consuming memory
USER         PID %CPU %MEM    VSZ   RSS TTY      STAT START   TIME COMMAND
root         918  0.1  0.9 1848564 37472 ?       Ssl  00:52   0:02 /snap/snapd/current/usr/lib/snapd/snapd
root         584  0.0  0.6 290004 25944 ?        SLsl 00:52   0:00 /sbin/multipathd -d -s
root         547  0.0  0.5  81108 22688 ?        S<s  00:52   0:00 /lib/systemd/systemd-journald
root         912  0.0  0.4  32580 17920 ?        Ss   00:52   0:00 /usr/bin/python3 /usr/bin/networkd-dispatcher --run-startup-triggers
systemd+     892  0.0  0.3  26100 12084 ?        Ss   00:52   0:00 /lib/systemd/systemd-resolved

Logging complete
System monitoring completed at Wed Jan 14 01:35:01 AM UTC 2026
Sysytem Monitoring Report
Date: Wed Jan 14 01:40:01 AM UTC 2026

Disk usage of /home
Filesystem                         Size  Used Avail Use% Mounted on
/dev/mapper/ubuntu--vg-ubuntu--lv   30G  6.0G   23G  22% /

Top 5 processes consuming memory
USER         PID %CPU %MEM    VSZ   RSS TTY      STAT START   TIME COMMAND
root         918  0.0  0.9 1848564 37472 ?       Ssl  00:52   0:02 /snap/snapd/current/usr/lib/snapd/snapd
root         584  0.0  0.6 290004 25944 ?        SLsl 00:52   0:00 /sbin/multipathd -d -s
root         547  0.0  0.5  81108 22704 ?        S<s  00:52   0:00 /lib/systemd/systemd-journald
root         912  0.0  0.4  32580 17920 ?        Ss   00:52   0:00 /usr/bin/python3 /usr/bin/networkd-dispatcher --run-startup-triggers
systemd+     892  0.0  0.3  26100 12084 ?        Ss   00:52   0:00 /lib/systemd/systemd-resolved

Logging complete
System monitoring completed at Wed Jan 14 01:40:01 AM UTC 2026
Sysytem Monitoring Report
Date: Wed Jan 14 01:45:01 AM UTC 2026

Disk usage of /home
Filesystem                         Size  Used Avail Use% Mounted on
/dev/mapper/ubuntu--vg-ubuntu--lv   30G  6.0G   23G  22% /

Top 5 processes consuming memory
USER         PID %CPU %MEM    VSZ   RSS TTY      STAT START   TIME COMMAND
root         918  0.0  0.9 1848564 37472 ?       Ssl  00:52   0:02 /snap/snapd/current/usr/lib/snapd/snapd
root         584  0.0  0.6 290004 25944 ?        SLsl 00:52   0:00 /sbin/multipathd -d -s
root         547  0.0  0.5  81108 22748 ?        S<s  00:52   0:00 /lib/systemd/systemd-journald
root         912  0.0  0.4  32580 17920 ?        Ss   00:52   0:00 /usr/bin/python3 /usr/bin/networkd-dispatcher --run-startup-triggers
systemd+     892  0.0  0.3  26100 12084 ?        Ss   00:52   0:00 /lib/systemd/systemd-resolved

Logging complete
System monitoring completed at Wed Jan 14 01:45:01 AM UTC 2026
Sysytem Monitoring Report
Date: Wed Jan 14 01:50:01 AM UTC 2026

Disk usage of /home
Filesystem                         Size  Used Avail Use% Mounted on
/dev/mapper/ubuntu--vg-ubuntu--lv   30G  6.0G   23G  22% /

Top 5 processes consuming memory
USER         PID %CPU %MEM    VSZ   RSS TTY      STAT START   TIME COMMAND
root         918  0.0  0.9 1848564 37472 ?       Ssl  00:52   0:02 /snap/snapd/current/usr/lib/snapd/snapd
root         584  0.0  0.6 290004 25944 ?        SLsl 00:52   0:00 /sbin/multipathd -d -s
root         547  0.0  0.5  81108 22764 ?        S<s  00:52   0:00 /lib/systemd/systemd-journald
root         912  0.0  0.4  32580 17920 ?        Ss   00:52   0:00 /usr/bin/python3 /usr/bin/networkd-dispatcher --run-startup-triggers
systemd+     892  0.0  0.3  26100 12084 ?        Ss   00:52   0:00 /lib/systemd/systemd-resolved

Logging complete
System monitoring completed at Wed Jan 14 01:50:01 AM UTC 2026
Sysytem Monitoring Report
Date: Wed Jan 14 01:55:01 AM UTC 2026

Disk usage of /home
Filesystem                         Size  Used Avail Use% Mounted on
/dev/mapper/ubuntu--vg-ubuntu--lv   30G  6.0G   23G  22% /

Top 5 processes consuming memory
USER         PID %CPU %MEM    VSZ   RSS TTY      STAT START   TIME COMMAND
root         918  0.0  0.9 1848564 37472 ?       Ssl  00:52   0:02 /snap/snapd/current/usr/lib/snapd/snapd
root         584  0.0  0.6 290004 25944 ?        SLsl 00:52   0:00 /sbin/multipathd -d -s
root         547  0.0  0.5  81108 22764 ?        S<s  00:52   0:00 /lib/systemd/systemd-journald
root         912  0.0  0.4  32580 17920 ?        Ss   00:52   0:00 /usr/bin/python3 /usr/bin/networkd-dispatcher --run-startup-triggers
systemd+     892  0.0  0.3  26100 12084 ?        Ss   00:52   0:00 /lib/systemd/systemd-resolved

Logging complete
System monitoring completed at Wed Jan 14 01:55:01 AM UTC 2026
Sysytem Monitoring Report
Date: Wed Jan 14 02:00:01 AM UTC 2026

Disk usage of /home
Filesystem                         Size  Used Avail Use% Mounted on
/dev/mapper/ubuntu--vg-ubuntu--lv   30G  6.0G   23G  22% /

Top 5 processes consuming memory
USER         PID %CPU %MEM    VSZ   RSS TTY      STAT START   TIME COMMAND
root         918  0.0  0.9 1848564 37472 ?       Ssl  00:52   0:02 /snap/snapd/current/usr/lib/snapd/snapd
root         584  0.0  0.6 290004 25944 ?        SLsl 00:52   0:00 /sbin/multipathd -d -s
root         547  0.0  0.5  81108 22768 ?        S<s  00:52   0:00 /lib/systemd/systemd-journald
root         912  0.0  0.4  32580 17920 ?        Ss   00:52   0:00 /usr/bin/python3 /usr/bin/networkd-dispatcher --run-startup-triggers
systemd+     892  0.0  0.3  26100 12084 ?        Ss   00:52   0:00 /lib/systemd/systemd-resolved

Logging complete
System monitoring completed at Wed Jan 14 02:00:01 AM UTC 2026
Sysytem Monitoring Report
Date: Wed Jan 14 02:05:01 AM UTC 2026

Disk usage of /home
Filesystem                         Size  Used Avail Use% Mounted on
/dev/mapper/ubuntu--vg-ubuntu--lv   30G  6.0G   23G  22% /

Top 5 processes consuming memory
USER         PID %CPU %MEM    VSZ   RSS TTY      STAT START   TIME COMMAND
root         918  0.0  0.9 1848564 37472 ?       Ssl  00:52   0:02 /snap/snapd/current/usr/lib/snapd/snapd
root         584  0.0  0.6 290004 25944 ?        SLsl 00:52   0:00 /sbin/multipathd -d -s
root         547  0.0  0.5  81108 22768 ?        S<s  00:52   0:00 /lib/systemd/systemd-journald
root         912  0.0  0.4  32580 17920 ?        Ss   00:52   0:00 /usr/bin/python3 /usr/bin/networkd-dispatcher --run-startup-triggers
systemd+     892  0.0  0.3  26100 12084 ?        Ss   00:52   0:00 /lib/systemd/systemd-resolved

Logging complete
System monitoring completed at Wed Jan 14 02:05:01 AM UTC 2026
Sysytem Monitoring Report
Date: Wed Jan 14 02:10:01 AM UTC 2026

Disk usage of /home
Filesystem                         Size  Used Avail Use% Mounted on
/dev/mapper/ubuntu--vg-ubuntu--lv   30G  6.0G   23G  22% /

Top 5 processes consuming memory
USER         PID %CPU %MEM    VSZ   RSS TTY      STAT START   TIME COMMAND
root         918  0.0  0.9 1848564 37472 ?       Ssl  00:52   0:02 /snap/snapd/current/usr/lib/snapd/snapd
root         584  0.0  0.6 290004 25944 ?        SLsl 00:52   0:00 /sbin/multipathd -d -s
root         547  0.0  0.5  81108 22772 ?        S<s  00:52   0:00 /lib/systemd/systemd-journald
root         912  0.0  0.4  32580 17920 ?        Ss   00:52   0:00 /usr/bin/python3 /usr/bin/networkd-dispatcher --run-startup-triggers
systemd+     892  0.0  0.3  26100 12084 ?        Ss   00:52   0:00 /lib/systemd/systemd-resolved

Logging complete
System monitoring completed at Wed Jan 14 02:10:01 AM UTC 2026
Sysytem Monitoring Report
Date: Wed Jan 14 02:15:01 AM UTC 2026

Disk usage of /home
Filesystem                         Size  Used Avail Use% Mounted on
/dev/mapper/ubuntu--vg-ubuntu--lv   30G  6.0G   23G  22% /

Top 5 processes consuming memory
USER         PID %CPU %MEM    VSZ   RSS TTY      STAT START   TIME COMMAND
root         918  0.0  0.9 1848564 37472 ?       Ssl  00:52   0:02 /snap/snapd/current/usr/lib/snapd/snapd
root         584  0.0  0.6 290004 25944 ?        SLsl 00:52   0:00 /sbin/multipathd -d -s
root         547  0.0  0.5  81108 22776 ?        S<s  00:52   0:00 /lib/systemd/systemd-journald
root         912  0.0  0.4  32580 17920 ?        Ss   00:52   0:00 /usr/bin/python3 /usr/bin/networkd-dispatcher --run-startup-triggers
systemd+     892  0.0  0.3  26100 12084 ?        Ss   00:52   0:00 /lib/systemd/systemd-resolved

Logging complete
System monitoring completed at Wed Jan 14 02:15:01 AM UTC 2026
Sysytem Monitoring Report
Date: Wed Jan 14 02:20:01 AM UTC 2026

Disk usage of /home
Filesystem                         Size  Used Avail Use% Mounted on
/dev/mapper/ubuntu--vg-ubuntu--lv   30G  6.0G   23G  22% /

Top 5 processes consuming memory
USER         PID %CPU %MEM    VSZ   RSS TTY      STAT START   TIME COMMAND
root         918  0.0  0.9 1848564 37420 ?       Ssl  00:52   0:02 /snap/snapd/current/usr/lib/snapd/snapd
root         584  0.0  0.6 290004 25944 ?        SLsl 00:52   0:00 /sbin/multipathd -d -s
root         547  0.0  0.5  81108 22784 ?        S<s  00:52   0:00 /lib/systemd/systemd-journald
root         912  0.0  0.4  32580 17920 ?        Ss   00:52   0:00 /usr/bin/python3 /usr/bin/networkd-dispatcher --run-startup-triggers
systemd+     892  0.0  0.3  26100 12084 ?        Ss   00:52   0:00 /lib/systemd/systemd-resolved

Logging complete
System monitoring completed at Wed Jan 14 02:20:01 AM UTC 2026
Sysytem Monitoring Report
Date: Wed Jan 14 02:25:01 AM UTC 2026

Disk usage of /home
Filesystem                         Size  Used Avail Use% Mounted on
/dev/mapper/ubuntu--vg-ubuntu--lv   30G  6.0G   23G  22% /

Top 5 processes consuming memory
USER         PID %CPU %MEM    VSZ   RSS TTY      STAT START   TIME COMMAND
root         918  0.0  0.9 1848564 37420 ?       Ssl  00:52   0:02 /snap/snapd/current/usr/lib/snapd/snapd
root         584  0.0  0.6 290004 25944 ?        SLsl 00:52   0:00 /sbin/multipathd -d -s
root         547  0.0  0.5  81108 22784 ?        S<s  00:52   0:00 /lib/systemd/systemd-journald
root         912  0.0  0.4  32580 17920 ?        Ss   00:52   0:00 /usr/bin/python3 /usr/bin/networkd-dispatcher --run-startup-triggers
systemd+     892  0.0  0.3  26100 12084 ?        Ss   00:52   0:00 /lib/systemd/systemd-resolved

Logging complete
System monitoring completed at Wed Jan 14 02:25:01 AM UTC 2026
Sysytem Monitoring Report
Date: Wed Jan 14 02:30:01 AM UTC 2026

Disk usage of /home
Filesystem                         Size  Used Avail Use% Mounted on
/dev/mapper/ubuntu--vg-ubuntu--lv   30G  6.0G   23G  22% /

Top 5 processes consuming memory
USER         PID %CPU %MEM    VSZ   RSS TTY      STAT START   TIME COMMAND
root         918  0.0  0.9 1848564 37420 ?       Ssl  00:52   0:03 /snap/snapd/current/usr/lib/snapd/snapd
root         584  0.0  0.6 290004 25944 ?        SLsl 00:52   0:00 /sbin/multipathd -d -s
root         547  0.0  0.5  81108 22788 ?        S<s  00:52   0:00 /lib/systemd/systemd-journald
root         912  0.0  0.4  32580 17920 ?        Ss   00:52   0:00 /usr/bin/python3 /usr/bin/networkd-dispatcher --run-startup-triggers
systemd+     892  0.0  0.3  26100 12084 ?        Ss   00:52   0:00 /lib/systemd/systemd-resolved

Logging complete
System monitoring completed at Wed Jan 14 02:30:01 AM UTC 2026
Sysytem Monitoring Report
Date: Wed Jan 14 02:35:01 AM UTC 2026

Disk usage of /home
Filesystem                         Size  Used Avail Use% Mounted on
/dev/mapper/ubuntu--vg-ubuntu--lv   30G  6.0G   23G  22% /

Top 5 processes consuming memory
USER         PID %CPU %MEM    VSZ   RSS TTY      STAT START   TIME COMMAND
root         918  0.0  0.9 1848564 37420 ?       Ssl  00:52   0:03 /snap/snapd/current/usr/lib/snapd/snapd
root         584  0.0  0.6 290004 25944 ?        SLsl 00:52   0:00 /sbin/multipathd -d -s
root         547  0.0  0.5  81108 22792 ?        S<s  00:52   0:00 /lib/systemd/systemd-journald
root         912  0.0  0.4  32580 17920 ?        Ss   00:52   0:00 /usr/bin/python3 /usr/bin/networkd-dispatcher --run-startup-triggers
systemd+     892  0.0  0.3  26100 12084 ?        Ss   00:52   0:00 /lib/systemd/systemd-resolved

Logging complete
System monitoring completed at Wed Jan 14 02:35:01 AM UTC 2026
Sysytem Monitoring Report
Date: Wed Jan 14 02:40:01 AM UTC 2026

Disk usage of /home
Filesystem                         Size  Used Avail Use% Mounted on
/dev/mapper/ubuntu--vg-ubuntu--lv   30G  6.0G   23G  22% /

Top 5 processes consuming memory
USER         PID %CPU %MEM    VSZ   RSS TTY      STAT START   TIME COMMAND
root         918  0.0  0.9 1848564 37420 ?       Ssl  00:52   0:03 /snap/snapd/current/usr/lib/snapd/snapd
root         584  0.0  0.6 290004 25944 ?        SLsl 00:52   0:00 /sbin/multipathd -d -s
root         547  0.0  0.5  81108 22804 ?        S<s  00:52   0:00 /lib/systemd/systemd-journald
root         912  0.0  0.4  32580 17920 ?        Ss   00:52   0:00 /usr/bin/python3 /usr/bin/networkd-dispatcher --run-startup-triggers
systemd+     892  0.0  0.3  26100 12084 ?        Ss   00:52   0:00 /lib/systemd/systemd-resolved

Logging complete
System monitoring completed at Wed Jan 14 02:40:01 AM UTC 2026
Sysytem Monitoring Report
Date: Wed Jan 14 02:45:01 AM UTC 2026

Disk usage of /home
Filesystem                         Size  Used Avail Use% Mounted on
/dev/mapper/ubuntu--vg-ubuntu--lv   30G  6.0G   23G  22% /

Top 5 processes consuming memory
USER         PID %CPU %MEM    VSZ   RSS TTY      STAT START   TIME COMMAND
root         918  0.0  0.9 1848564 37420 ?       Ssl  00:52   0:03 /snap/snapd/current/usr/lib/snapd/snapd
root         584  0.0  0.6 290004 25944 ?        SLsl 00:52   0:00 /sbin/multipathd -d -s
root         547  0.0  0.5  81108 22808 ?        S<s  00:52   0:00 /lib/systemd/systemd-journald
root         912  0.0  0.4  32580 17920 ?        Ss   00:52   0:00 /usr/bin/python3 /usr/bin/networkd-dispatcher --run-startup-triggers
systemd+     892  0.0  0.3  26100 12084 ?        Ss   00:52   0:00 /lib/systemd/systemd-resolved

Logging complete
System monitoring completed at Wed Jan 14 02:45:01 AM UTC 2026
Sysytem Monitoring Report
Date: Wed Jan 14 02:50:01 AM UTC 2026

Disk usage of /home
Filesystem                         Size  Used Avail Use% Mounted on
/dev/mapper/ubuntu--vg-ubuntu--lv   30G  6.0G   23G  22% /

Top 5 processes consuming memory
USER         PID %CPU %MEM    VSZ   RSS TTY      STAT START   TIME COMMAND
root         918  0.0  0.9 1848564 37420 ?       Ssl  00:52   0:03 /snap/snapd/current/usr/lib/snapd/snapd
root         584  0.0  0.6 290004 25944 ?        SLsl 00:52   0:00 /sbin/multipathd -d -s
root         547  0.0  0.5  81108 22812 ?        S<s  00:52   0:00 /lib/systemd/systemd-journald
root         912  0.0  0.4  32580 17920 ?        Ss   00:52   0:00 /usr/bin/python3 /usr/bin/networkd-dispatcher --run-startup-triggers
systemd+     892  0.0  0.3  26100 12084 ?        Ss   00:52   0:00 /lib/systemd/systemd-resolved

Logging complete
System monitoring completed at Wed Jan 14 02:50:01 AM UTC 2026
Sysytem Monitoring Report
Date: Wed Jan 14 02:55:01 AM UTC 2026

Disk usage of /home
Filesystem                         Size  Used Avail Use% Mounted on
/dev/mapper/ubuntu--vg-ubuntu--lv   30G  6.0G   23G  22% /

Top 5 processes consuming memory
USER         PID %CPU %MEM    VSZ   RSS TTY      STAT START   TIME COMMAND
root         918  0.0  0.9 1848564 37420 ?       Ssl  00:52   0:03 /snap/snapd/current/usr/lib/snapd/snapd
root         584  0.0  0.6 290004 25944 ?        SLsl 00:52   0:00 /sbin/multipathd -d -s
root         547  0.0  0.5  81108 22812 ?        S<s  00:52   0:00 /lib/systemd/systemd-journald
root         912  0.0  0.4  32580 17920 ?        Ss   00:52   0:00 /usr/bin/python3 /usr/bin/networkd-dispatcher --run-startup-triggers
systemd+     892  0.0  0.3  26100 12084 ?        Ss   00:52   0:00 /lib/systemd/systemd-resolved

Logging complete
System monitoring completed at Wed Jan 14 02:55:01 AM UTC 2026
Sysytem Monitoring Report
Date: Wed Jan 14 03:00:01 AM UTC 2026

Disk usage of /home
Filesystem                         Size  Used Avail Use% Mounted on
/dev/mapper/ubuntu--vg-ubuntu--lv   30G  6.0G   23G  22% /

Top 5 processes consuming memory
USER         PID %CPU %MEM    VSZ   RSS TTY      STAT START   TIME COMMAND
root         918  0.0  0.9 1848564 37420 ?       Ssl  00:52   0:03 /snap/snapd/current/usr/lib/snapd/snapd
root         584  0.0  0.6 290004 25944 ?        SLsl 00:52   0:00 /sbin/multipathd -d -s
root         547  0.0  0.5  81108 22820 ?        S<s  00:52   0:00 /lib/systemd/systemd-journald
root         912  0.0  0.4  32580 17920 ?        Ss   00:52   0:00 /usr/bin/python3 /usr/bin/networkd-dispatcher --run-startup-triggers
systemd+     892  0.0  0.3  26100 12084 ?        Ss   00:52   0:00 /lib/systemd/systemd-resolved

Logging complete
System monitoring completed at Wed Jan 14 03:00:01 AM UTC 2026
Sysytem Monitoring Report
Date: Wed Jan 14 03:05:01 AM UTC 2026

Disk usage of /home
Filesystem                         Size  Used Avail Use% Mounted on
/dev/mapper/ubuntu--vg-ubuntu--lv   30G  6.0G   23G  22% /

Top 5 processes consuming memory
USER         PID %CPU %MEM    VSZ   RSS TTY      STAT START   TIME COMMAND
root         918  0.0  0.9 1848564 37420 ?       Ssl  00:52   0:03 /snap/snapd/current/usr/lib/snapd/snapd
root         584  0.0  0.6 290004 25944 ?        SLsl 00:52   0:00 /sbin/multipathd -d -s
root         547  0.0  0.5  81108 22820 ?        S<s  00:52   0:00 /lib/systemd/systemd-journald
root         912  0.0  0.4  32580 17920 ?        Ss   00:52   0:00 /usr/bin/python3 /usr/bin/networkd-dispatcher --run-startup-triggers
systemd+     892  0.0  0.3  26100 12084 ?        Ss   00:52   0:00 /lib/systemd/systemd-resolved

Logging complete
System monitoring completed at Wed Jan 14 03:05:01 AM UTC 2026
Sysytem Monitoring Report
Date: Wed Jan 14 03:10:01 AM UTC 2026

Disk usage of /home
Filesystem                         Size  Used Avail Use% Mounted on
/dev/mapper/ubuntu--vg-ubuntu--lv   30G  6.0G   23G  22% /

Top 5 processes consuming memory
USER         PID %CPU %MEM    VSZ   RSS TTY      STAT START   TIME COMMAND
root         918  0.0  0.9 1848564 37420 ?       Ssl  00:52   0:03 /snap/snapd/current/usr/lib/snapd/snapd
root         584  0.0  0.6 290004 25944 ?        SLsl 00:52   0:00 /sbin/multipathd -d -s
root         547  0.0  0.5  81108 22824 ?        S<s  00:52   0:00 /lib/systemd/systemd-journald
root         912  0.0  0.4  32580 17920 ?        Ss   00:52   0:00 /usr/bin/python3 /usr/bin/networkd-dispatcher --run-startup-triggers
systemd+     892  0.0  0.3  26100 12084 ?        Ss   00:52   0:00 /lib/systemd/systemd-resolved

Logging complete
System monitoring completed at Wed Jan 14 03:10:01 AM UTC 2026
Sysytem Monitoring Report
Date: Wed Jan 14 03:15:02 AM UTC 2026

Disk usage of /home
Filesystem                         Size  Used Avail Use% Mounted on
/dev/mapper/ubuntu--vg-ubuntu--lv   30G  6.0G   23G  22% /

Top 5 processes consuming memory
USER         PID %CPU %MEM    VSZ   RSS TTY      STAT START   TIME COMMAND
root         918  0.0  0.9 1848564 37420 ?       Ssl  00:52   0:03 /snap/snapd/current/usr/lib/snapd/snapd
root         584  0.0  0.6 290004 25944 ?        SLsl 00:52   0:00 /sbin/multipathd -d -s
root         547  0.0  0.5  81108 22828 ?        S<s  00:52   0:00 /lib/systemd/systemd-journald
root         912  0.0  0.4  32580 17920 ?        Ss   00:52   0:00 /usr/bin/python3 /usr/bin/networkd-dispatcher --run-startup-triggers
systemd+     892  0.0  0.3  26100 12084 ?        Ss   00:52   0:00 /lib/systemd/systemd-resolved

Logging complete
System monitoring completed at Wed Jan 14 03:15:02 AM UTC 2026
Sysytem Monitoring Report
Date: Wed Jan 14 03:20:01 AM UTC 2026

Disk usage of /home
Filesystem                         Size  Used Avail Use% Mounted on
/dev/mapper/ubuntu--vg-ubuntu--lv   30G  6.0G   23G  22% /

Top 5 processes consuming memory
USER         PID %CPU %MEM    VSZ   RSS TTY      STAT START   TIME COMMAND
root         918  0.0  0.9 1848564 37420 ?       Ssl  00:52   0:03 /snap/snapd/current/usr/lib/snapd/snapd
root         584  0.0  0.6 290004 25944 ?        SLsl 00:52   0:00 /sbin/multipathd -d -s
root         547  0.0  0.5  81108 22836 ?        S<s  00:52   0:00 /lib/systemd/systemd-journald
root         912  0.0  0.4  32580 17920 ?        Ss   00:52   0:00 /usr/bin/python3 /usr/bin/networkd-dispatcher --run-startup-triggers
systemd+     892  0.0  0.3  26100 12084 ?        Ss   00:52   0:00 /lib/systemd/systemd-resolved

Logging complete
System monitoring completed at Wed Jan 14 03:20:01 AM UTC 2026
Sysytem Monitoring Report
Date: Wed Jan 14 03:25:01 AM UTC 2026

Disk usage of /home
Filesystem                         Size  Used Avail Use% Mounted on
/dev/mapper/ubuntu--vg-ubuntu--lv   30G  6.0G   23G  22% /

Top 5 processes consuming memory
USER         PID %CPU %MEM    VSZ   RSS TTY      STAT START   TIME COMMAND
root         918  0.0  0.9 1848564 37420 ?       Ssl  00:52   0:03 /snap/snapd/current/usr/lib/snapd/snapd
root         584  0.0  0.6 290004 25944 ?        SLsl 00:52   0:00 /sbin/multipathd -d -s
root         547  0.0  0.5  81108 22840 ?        S<s  00:52   0:00 /lib/systemd/systemd-journald
root         912  0.0  0.4  32580 17920 ?        Ss   00:52   0:00 /usr/bin/python3 /usr/bin/networkd-dispatcher --run-startup-triggers
systemd+     892  0.0  0.3  26100 12084 ?        Ss   00:52   0:00 /lib/systemd/systemd-resolved

Logging complete
System monitoring completed at Wed Jan 14 03:25:01 AM UTC 2026
Sysytem Monitoring Report
Date: Wed Jan 14 03:30:01 AM UTC 2026

Disk usage of /home
Filesystem                         Size  Used Avail Use% Mounted on
/dev/mapper/ubuntu--vg-ubuntu--lv   30G  6.0G   23G  22% /

Top 5 processes consuming memory
USER         PID %CPU %MEM    VSZ   RSS TTY      STAT START   TIME COMMAND
root         918  0.0  0.9 1848564 37420 ?       Ssl  00:52   0:03 /snap/snapd/current/usr/lib/snapd/snapd
root         584  0.0  0.6 290004 25944 ?        SLsl 00:52   0:01 /sbin/multipathd -d -s
root         547  0.0  0.5  81108 22844 ?        S<s  00:52   0:00 /lib/systemd/systemd-journald
root         912  0.0  0.4  32580 17920 ?        Ss   00:52   0:00 /usr/bin/python3 /usr/bin/networkd-dispatcher --run-startup-triggers
systemd+     892  0.0  0.3  26100 12084 ?        Ss   00:52   0:00 /lib/systemd/systemd-resolved

Logging complete
System monitoring completed at Wed Jan 14 03:30:01 AM UTC 2026
Sysytem Monitoring Report
Date: Wed Jan 14 03:35:01 AM UTC 2026

Disk usage of /home
Filesystem                         Size  Used Avail Use% Mounted on
/dev/mapper/ubuntu--vg-ubuntu--lv   30G  6.0G   23G  22% /

Top 5 processes consuming memory
USER         PID %CPU %MEM    VSZ   RSS TTY      STAT START   TIME COMMAND
root         918  0.0  0.9 1848564 37420 ?       Ssl  00:52   0:03 /snap/snapd/current/usr/lib/snapd/snapd
root         584  0.0  0.6 290004 25944 ?        SLsl 00:52   0:01 /sbin/multipathd -d -s
root         547  0.0  0.5  81108 22844 ?        S<s  00:52   0:00 /lib/systemd/systemd-journald
root         912  0.0  0.4  32580 17920 ?        Ss   00:52   0:00 /usr/bin/python3 /usr/bin/networkd-dispatcher --run-startup-triggers
systemd+     892  0.0  0.3  26100 12084 ?        Ss   00:52   0:00 /lib/systemd/systemd-resolved

Logging complete
System monitoring completed at Wed Jan 14 03:35:01 AM UTC 2026
Sysytem Monitoring Report
Date: Wed Jan 14 03:40:01 AM UTC 2026

Disk usage of /home
Filesystem                         Size  Used Avail Use% Mounted on
/dev/mapper/ubuntu--vg-ubuntu--lv   30G  6.0G   23G  22% /

Top 5 processes consuming memory
USER         PID %CPU %MEM    VSZ   RSS TTY      STAT START   TIME COMMAND
root         918  0.0  0.9 1848564 37420 ?       Ssl  00:52   0:03 /snap/snapd/current/usr/lib/snapd/snapd
root         584  0.0  0.6 290004 25944 ?        SLsl 00:52   0:01 /sbin/multipathd -d -s
root         547  0.0  0.5  81108 22848 ?        S<s  00:52   0:00 /lib/systemd/systemd-journald
root         912  0.0  0.4  32580 17920 ?        Ss   00:52   0:00 /usr/bin/python3 /usr/bin/networkd-dispatcher --run-startup-triggers
systemd+     892  0.0  0.3  26100 12084 ?        Ss   00:52   0:00 /lib/systemd/systemd-resolved

Logging complete
System monitoring completed at Wed Jan 14 03:40:01 AM UTC 2026
Sysytem Monitoring Report
Date: Wed Jan 14 03:45:01 AM UTC 2026

Disk usage of /home
Filesystem                         Size  Used Avail Use% Mounted on
/dev/mapper/ubuntu--vg-ubuntu--lv   30G  6.0G   23G  22% /

Top 5 processes consuming memory
USER         PID %CPU %MEM    VSZ   RSS TTY      STAT START   TIME COMMAND
root         918  0.0  0.9 1848564 37420 ?       Ssl  00:52   0:03 /snap/snapd/current/usr/lib/snapd/snapd
root         584  0.0  0.6 290004 25944 ?        SLsl 00:52   0:01 /sbin/multipathd -d -s
root         547  0.0  0.5  81108 22860 ?        S<s  00:52   0:00 /lib/systemd/systemd-journald
root         912  0.0  0.4  32580 17920 ?        Ss   00:52   0:00 /usr/bin/python3 /usr/bin/networkd-dispatcher --run-startup-triggers
systemd+     892  0.0  0.3  26100 12084 ?        Ss   00:52   0:00 /lib/systemd/systemd-resolved

Logging complete
System monitoring completed at Wed Jan 14 03:45:01 AM UTC 2026
Sysytem Monitoring Report
Date: Wed Jan 14 01:45:01 PM UTC 2026

Disk usage of /home
Filesystem                         Size  Used Avail Use% Mounted on
/dev/mapper/ubuntu--vg-ubuntu--lv   30G  6.0G   23G  22% /

Top 5 processes consuming memory
USER         PID %CPU %MEM    VSZ   RSS TTY      STAT START   TIME COMMAND
root         915  0.5  0.9 1848564 37204 ?       Ssl  13:41   0:00 /snap/snapd/current/usr/lib/snapd/snapd
root         585  0.0  0.6 290004 25944 ?        SLsl 13:41   0:00 /sbin/multipathd -d -s
root         546  0.0  0.5  64632 23176 ?        S<s  13:41   0:00 /lib/systemd/systemd-journald
root         907  0.0  0.4  32580 17920 ?        Ss   13:41   0:00 /usr/bin/python3 /usr/bin/networkd-dispatcher --run-startup-triggers
systemd+     887  0.0  0.3  26100 12088 ?        Ss   13:41   0:00 /lib/systemd/systemd-resolved

Logging complete
System monitoring completed at Wed Jan 14 01:45:01 PM UTC 2026
Sysytem Monitoring Report
Date: Wed Jan 14 01:50:01 PM UTC 2026

Disk usage of /home
Filesystem                         Size  Used Avail Use% Mounted on
/dev/mapper/ubuntu--vg-ubuntu--lv   30G  6.0G   23G  22% /

Top 5 processes consuming memory
USER         PID %CPU %MEM    VSZ   RSS TTY      STAT START   TIME COMMAND
root         915  0.2  0.9 1848564 36528 ?       Ssl  13:41   0:01 /snap/snapd/current/usr/lib/snapd/snapd
root         585  0.0  0.6 290004 25944 ?        SLsl 13:41   0:00 /sbin/multipathd -d -s
root         546  0.0  0.5  81144 23176 ?        S<s  13:41   0:00 /lib/systemd/systemd-journald
root         907  0.0  0.4  32580 17920 ?        Ss   13:41   0:00 /usr/bin/python3 /usr/bin/networkd-dispatcher --run-startup-triggers
systemd+     887  0.0  0.3  26100 12088 ?        Ss   13:41   0:00 /lib/systemd/systemd-resolved

Logging complete
System monitoring completed at Wed Jan 14 01:50:01 PM UTC 2026
Sysytem Monitoring Report
Date: Thu Jan 15 01:15:01 AM UTC 2026

Disk usage of /home
Filesystem                         Size  Used Avail Use% Mounted on
/dev/mapper/ubuntu--vg-ubuntu--lv   30G  6.0G   23G  22% /

Top 5 processes consuming memory
USER         PID %CPU %MEM    VSZ   RSS TTY      STAT START   TIME COMMAND
root         916 31.3  0.9 1774260 37624 ?       Ssl  01:14   0:00 /snap/snapd/current/usr/lib/snapd/snapd
root         588  0.1  0.6 290004 25944 ?        SLsl 01:14   0:00 /sbin/multipathd -d -s
root         910  1.0  0.4  32580 17900 ?        Ss   01:14   0:00 /usr/bin/python3 /usr/bin/networkd-dispatcher --run-startup-triggers
root         548  1.8  0.3  31776 12408 ?        S<s  01:14   0:00 /lib/systemd/systemd-journald
systemd+     890  0.6  0.3  26100 12088 ?        Ss   01:14   0:00 /lib/systemd/systemd-resolved

Logging complete
System monitoring completed at Thu Jan 15 01:15:01 AM UTC 2026
Sysytem Monitoring Report
Date: Thu Jan 15 12:20:01 AM UTC 2026

Disk usage of /home
Filesystem                         Size  Used Avail Use% Mounted on
/dev/mapper/ubuntu--vg-ubuntu--lv   30G  6.1G   23G  22% /

Top 5 processes consuming memory
USER         PID %CPU %MEM    VSZ   RSS TTY      STAT START   TIME COMMAND
root         916  0.3  0.9 1848564 37144 ?       Ssl  00:14   0:01 /snap/snapd/current/usr/lib/snapd/snapd
root         588  0.0  0.6 290004 25944 ?        SLsl 00:14   0:00 /sbin/multipathd -d -s
root        2063  0.0  0.4 297148 18880 ?        Ssl  00:17   0:00 /usr/libexec/packagekitd
root         910  0.0  0.4  32580 17900 ?        Ss   00:14   0:00 /usr/bin/python3 /usr/bin/networkd-dispatcher --run-startup-triggers
root         548  0.0  0.4  64680 17716 ?        S<s  00:14   0:00 /lib/systemd/systemd-journald

Logging complete
System monitoring completed at Thu Jan 15 12:20:01 AM UTC 2026
Sysytem Monitoring Report
Date: Thu Jan 15 12:25:01 AM UTC 2026

Disk usage of /home
Filesystem                         Size  Used Avail Use% Mounted on
/dev/mapper/ubuntu--vg-ubuntu--lv   30G  6.1G   23G  22% /

Top 5 processes consuming memory
USER         PID %CPU %MEM    VSZ   RSS TTY      STAT START   TIME COMMAND
root         916  0.1  0.9 1848564 37136 ?       Ssl  00:14   0:01 /snap/snapd/current/usr/lib/snapd/snapd
root         588  0.0  0.6 290004 25944 ?        SLsl 00:14   0:00 /sbin/multipathd -d -s
root        2063  0.0  0.4 297148 18880 ?        Ssl  00:17   0:00 /usr/libexec/packagekitd
root         910  0.0  0.4  32580 17900 ?        Ss   00:14   0:00 /usr/bin/python3 /usr/bin/networkd-dispatcher --run-startup-triggers
root         548  0.0  0.4  64680 17728 ?        S<s  00:14   0:00 /lib/systemd/systemd-journald

Logging complete
System monitoring completed at Thu Jan 15 12:25:01 AM UTC 2026
